              0             0.389968409363456
              1             0.382185430132489
              2             0.384600750764176
              3             0.391708481283714
              4             0.376985888587595
              5             0.341217374966288
              6             0.376113843415735
              7             0.336988983476817
              8             0.404908441140613
              9             0.392092895285474
             10             0.392312481143065
             11             0.383035955830435
             12             0.391828324479380
             13             0.390423693880785
             14             0.366103602137457
             15             0.403028055918569
             16             0.395064547374078
             17             0.373226949032903
             18             0.361692575603843
             19             0.375997909142515
