              0             1.011207670573901
              1             0.993926313479567
              2             0.999790296065486
              3             1.013759852160346
              4             0.986947830736226
              5             0.915873978163842
              6             0.983850408825495
              7             0.909159440313468
              8             1.042029593107966
              9             1.018299640365591
             10             1.021273471335543
             11             0.997841249602566
             12             1.015711518151759
             13             1.010613166771350
             14             0.961164976654730
             15             1.041771926479707
             16             1.024020887305216
             17             0.980567633558695
             18             0.955219301893072
             19             0.987757578361901
