              0             0.503414555282733             0.017542678015576             0.003922662055022
              1             0.447975037655850             0.015897355142622             0.003554756676136
              2             0.399943897860873             0.014870617548379             0.003325171170558
              3             0.360356912421358             0.015513439039656             0.003468910425747
              4             0.325274563395051             0.014011542913729             0.003133076242475
              5             0.295516136537381             0.012779451689166             0.002857572269215
              6             0.269296589803614             0.011398549738444             0.002548793206007
              7             0.246187621561851             0.011802820101941             0.002639190807414
              8             0.226260359615080             0.011875687971350             0.002655484558352
              9             0.209173025720346             0.010937692722350             0.002445742444418
             10             0.192911923264616             0.009284957559522             0.002076179627129
             11             0.179625292939700             0.011931327094232             0.002667925844449
             12             0.165340229419510             0.012084900880374             0.002702265986986
             13             0.156357244097629             0.012665036252328             0.002831988199771
             14             0.145149784984979             0.011042927103009             0.002469273567290
             15             0.136472822867839             0.011976307909335             0.002677983860474
             16             0.126416870300153             0.012566077930009             0.002809860446206
             17             0.119488841586806             0.011633933304399             0.002601426571434
             18             0.113027371549313             0.011645483183737             0.002604009202967
             19             0.106223246617927             0.010803086078055             0.002415643483731
             20             0.098785846798814             0.009608131652067             0.002148443551079
             21             0.093178116159009             0.010715668981720             0.002396096426751
             22             0.088834817107445             0.009759878953112             0.002182375279133
             23             0.083303725500512             0.010198393059328             0.002280430014192
             24             0.077382436194027             0.008738334980133             0.001953951102574
             25             0.072132747837492             0.009683211883042             0.002165232001102
             26             0.066229215452449             0.009409399630231             0.002104005720066
             27             0.062208528800192             0.010574367775450             0.002364500516499
             28             0.057661966792976             0.011225477711626             0.002510093124311
             29             0.056141198858628             0.010491085314364             0.002345877992067
             30             0.052668732513515             0.009009879188253             0.002014670233399
             31             0.048257278592663             0.010239876879697             0.002289706078423
             32             0.044572694418263             0.011505620607809             0.002572734980238
             33             0.041512056985237             0.013562609553523             0.003032691691396
             34             0.039354193464085             0.011383537503908             0.002545436368316
             35             0.035361354714997             0.014805002093919             0.003310499108903
             36             0.032577222084927             0.019767432463280             0.004420132272853
             37             0.030632945894674             0.015403939062583             0.003444425486520
             38             0.029382764935602             0.014981500784085             0.003349965415818
             39             0.027295924228966             0.015487436951318             0.003463096182039
             40             0.025935198462191             0.013482932457886             0.003014875351187
             41             0.025747700243935             0.011926673101038             0.002666885179934
             42             0.023577595021562             0.013795298213978             0.003084722457634
             43             0.023571503175765             0.012062615571822             0.002697282840504
             44             0.022537086592574             0.015268215886117             0.003414076861650
             45             0.022594410838341             0.012850002455146             0.002873347900075
             46             0.020264756687763             0.014791067164852             0.003307383164037
             47             0.016988655448918             0.019689568881297             0.004402721446625
             48             0.014190714038087             0.024958867612000             0.005580972462185
             49             0.014874664916135             0.018014241287846             0.004028106808271
             50             0.016437444820961             0.014407277922452             0.003221565280533
             51             0.014909992745859             0.018517575284463             0.004140655711453
             52             0.014638547970014             0.015227228216778             0.003404911740162
             53             0.015396647132405             0.013255928782327             0.002964115786218
             54             0.016240218165814             0.013418391954810             0.003000443655969
             55             0.016824969100686             0.017759198180814             0.003971077435819
             56             0.015383608030105             0.013860689803491             0.003099344461564
             57             0.013181681299763             0.010629524637293             0.002376833965750
             58             0.014218560344701             0.013181794750129             0.002947538912674
             59             0.012757532821057             0.011887258521391             0.002658071811994
             60             0.014281148794704             0.013066125414822             0.002921674463008
             61             0.012251081974500             0.011666073248104             0.002608613281325
             62             0.012988265476944             0.009182496034068             0.002053268533530
             63             0.012134246002292             0.007621799212304             0.001704286114957
             64             0.014537474104172             0.011697643935133             0.002615672701554
             65             0.012956137528188             0.007974972107992             0.001783257975213
             66             0.012365358821958             0.006180977608078             0.001382108609907
             67             0.011195307923914             0.005508154683262             0.001231660830236
             68             0.010921352402810             0.005412400726515             0.001210249594596
             69             0.010424337158367             0.006240067335724             0.001395321474685
             70             0.009623321710107             0.005580914223310             0.001247930357992
             71             0.009126293281150             0.005140820751183             0.001149522465979
             72             0.008453649932007             0.005629121585212             0.001258709851814
             73             0.008033436966957             0.004864617324159             0.001087761502134
             74             0.008487852153484             0.004000065618353             0.000894441863710
             75             0.008487342283673             0.004109594138931             0.000918933185459
             76             0.008429147158020             0.003606870819977             0.000806520833953
             77             0.009324252789613             0.003890955413911             0.000870044080293
             78             0.008757737031122             0.004671317432326             0.001044538332316
             79             0.008908666441550             0.005454568893716             0.001219678683430
             80             0.009666397261286             0.004058041882687             0.000907405750523
             81             0.009364105322744             0.003727192726585             0.000833425630189
             82             0.009679173103653             0.004492258231128             0.001004499477729
             83             0.009812352199642             0.003957615900539             0.000884949818244
             84             0.010140689846571             0.003433475516435             0.000767748465383
             85             0.010225344279818             0.003416713035412             0.000764000260679
             86             0.010064920989204             0.003258186805276             0.000728552717999
             87             0.009493101946589             0.002949980364419             0.000659635662713
             88             0.009689868931152             0.003896696200725             0.000871327759249
             89             0.009831575066612             0.003979383118017             0.000889817116040
             90             0.009283672453509             0.003875022534871             0.000866481380231
             91             0.009838624223255             0.004340260737231             0.000970511804852
             92             0.010737937853465             0.004985662871443             0.001114828109344
             93             0.011547341259643             0.007213189734986             0.001612918258203
             94             0.011484825849369             0.006118562023569             0.001368152060925
             95             0.010480498048575             0.006352210178716             0.001420397376697
             96             0.010236473545773             0.007059318386171             0.001578511578629
             97             0.011000236928415             0.007646555133600             0.001709821707243
             98             0.012151067491021             0.008197172040177             0.001832943390510
             99             0.013078190987012             0.007666002980522             0.001714170378016
            100             0.013041606640096             0.006679922424869             0.001493676062643
            101             0.014003586109547             0.009460370454732             0.002115403142911
            102             0.014511209697976             0.008324576853186             0.001861431972764
            103             0.014568106042733             0.007989318236430             0.001786465867054
            104             0.015963115067258             0.008767995121777             0.001960583311868
            105             0.016639318160472             0.008189418388092             0.001831209621196
            106             0.017451141653532             0.008075879920247             0.001805821647980
            107             0.018861077368770             0.007354984232787             0.001644624471795
            108             0.019262962252725             0.007252952330596             0.001621809444878
            109             0.020541039400342             0.010062551968146             0.002250055022790
            110             0.020376343692403             0.008073113705905             0.001805203103649
            111             0.020051101778860             0.007664470405127             0.001713827683740
            112             0.021262612385843             0.007420510842523             0.001659276667166
            113             0.022567471864729             0.007105883706288             0.001588923900747
            114             0.023649390531183             0.006739760329081             0.001507056224788
            115             0.024655008152676             0.006494245789973             0.001452157504897
            116             0.026239387756249             0.006181450473249             0.001382214345773
            117             0.027366504795537             0.007192229922311             0.001608231501610
            118             0.027555030273526             0.006379030452040             0.001426394572130
            119             0.027782378617888             0.007171023505671             0.001603489602693
            120             0.029759102859834             0.009036449496338             0.002020611534906
            121             0.033062608583387             0.011134222896987             0.002489687927430
            122             0.033824449594349             0.008727422027148             0.001951510892103
            123             0.036066643345636             0.009885155827702             0.002210388039892
            124             0.038006261551955             0.009955156017313             0.002226040558133
            125             0.038650503800311             0.009674682155498             0.002163324696040
            126             0.042155497395233             0.009475140533005             0.002118705832816
            127             0.043353294211330             0.009516804621129             0.002128022206143
            128             0.045180609349597             0.010284090940212             0.002299592642910
            129             0.048138867409775             0.010947839782415             0.002448011396026
            130             0.049240379737101             0.010808928870379             0.002416949971813
            131             0.054567271733171             0.013515241816431             0.003022099943389
            132             0.058520018974403             0.014017616173089             0.003134434264553
            133             0.060675795021240             0.011681378434140             0.002612035624964
            134             0.063747231208199             0.012100735041113             0.002705806612964
            135             0.068458570159673             0.012118754918511             0.002709835980045
            136             0.072527856240991             0.011970102414565             0.002676596269660
            137             0.076699053841980             0.011531916194023             0.002578614852067
            138             0.081406110977699             0.012082723044838             0.002701779008156
            139             0.086396225745619             0.013175245830805             0.002946074529795
            140             0.093672113573596             0.013054448613633             0.002919063450886
            141             0.099649500911611             0.011967485769098             0.002676011169946
            142             0.106831631289784             0.012966004742312             0.002899286800039
            143             0.115547374343950             0.012612768270775             0.002820300723791
            144             0.123393306331899             0.010989568258057             0.002457342166839
            145             0.131445455504883             0.010820273887189             0.002419486794692
            146             0.139901938817132             0.010743494734794             0.002402318454291
            147             0.152182469993434             0.012074854909152             0.002700019639531
            148             0.162680039197674             0.012856977211806             0.002874907503076
            149             0.175576519095372             0.013487359331777             0.003015865230282
            150             0.190102642085027             0.014170865241701             0.003168701798043
            151             0.205681007307807             0.013484857517626             0.003015305807631
            152             0.222765098273836             0.012976685842164             0.002901675166574
            153             0.243772533759662             0.013078233823153             0.002924381985421
            154             0.263860440833796             0.012653587890103             0.002829428268154
            155             0.291011125629973             0.011882942825663             0.002657106793093
            156             0.322539407450720             0.012767791071300             0.002854964875794
            157             0.356953786338870             0.013917404032523             0.003112026148705
            158             0.396458719246915             0.016494203565857             0.003688216040798
            159             0.441890600905334             0.015815003523427             0.003536342294278
