              0             0.117013965962039             0.002562919745788             0.000573086277246
              1             0.088762015583764             0.002645289491019             0.000591504712208
              2             0.067712725753471             0.002454188026797             0.000548773125748
              3             0.051940512733828             0.002279174289879             0.000509638864474
              4             0.040050930991116             0.002012648166755             0.000450041811566
              5             0.030930783677920             0.002022556662875             0.000452257418653
              6             0.024015630964018             0.001924221011677             0.000430268898584
              7             0.018750244546629             0.001787219083637             0.000399634336170
              8             0.014752125099525             0.001689610715672             0.000377808441575
              9             0.011691436668697             0.001544710156271             0.000345407691496
             10             0.009320881097748             0.001458874886972             0.000326214341794
             11             0.007522575787068             0.001322831936828             0.000295794213355
             12             0.006133595250085             0.001188922420415             0.000265851135202
             13             0.005026453699577             0.001021170846379             0.000228340742915
             14             0.004199971844709             0.000730837852599             0.000163420311894
             15             0.003512759005898             0.000606013655620             0.000135508772926
             16             0.002988889354030             0.000511039424182             0.000114271889165
             17             0.002524146621347             0.000452860669129             0.000101262724051
             18             0.002216833004569             0.000665872766613             0.000148893677051
             19             0.001949830992677             0.000820819652280             0.000183540853977
             20             0.001652710752094             0.000673654727212             0.000150633776341
             21             0.001406739169995             0.000596611084156             0.000133406294030
             22             0.001141022038683             0.000349232953701             0.000078090862446
             23             0.000940925285066             0.000300556206922             0.000067206410974
             24             0.000798007797938             0.000300968988096             0.000067298711650
             25             0.000675046515612             0.000295269102171             0.000066024178411
             26             0.000546056694456             0.000325082862069             0.000072690737791
             27             0.000440046347084             0.000379297950711             0.000084813600152
             28             0.000338382883788             0.000499322205592             0.000111651839438
             29             0.000270037462051             0.000551798859076             0.000123385975880
             30             0.000200725565181             0.000661951884487             0.000148016941155
             31             0.000141398713281             0.000733143133580             0.000163935788392
             32             0.000079119773459             0.000856794073772             0.000191584979167
             33            -0.000005978824509             0.001060171601961             0.000237061576980
             34            -0.000032188992505             0.001079936677135             0.000241481182147
             35            -0.000046235429408             0.001083609752350             0.000242302506734
             36            -0.000060007865745             0.001069535899957             0.000239155497668
             37            -0.000073350982202             0.001038256734125             0.000232161263560
             38            -0.000096772487319             0.001026229125606             0.000229471808534
             39            -0.000127512688802             0.001053981255692             0.000235677373474
             40            -0.000114653246700             0.000947491328375             0.000211865501834
             41            -0.000129547398206             0.000971291209288             0.000217187316992
             42            -0.000168118975475             0.001103582397231             0.000246768525898
             43            -0.000136654679548             0.000943424046526             0.000210956029964
             44            -0.000098753277307             0.000768686371632             0.000171883498035
             45            -0.000099309052018             0.000759627828801             0.000169857946280
             46            -0.000095142942749             0.000726279596320             0.000162401054804
             47            -0.000075580485108             0.000639689935544             0.000143039018040
             48            -0.000045094296403             0.000503309862391             0.000112543506605
             49            -0.000028365865845             0.000414981144152             0.000092792604770
             50            -0.000015439033370             0.000369864557027             0.000082704229198
             51            -0.000007339990198             0.000337597553466             0.000075489107859
             52            -0.000008436918739             0.000319604701333             0.000071465783811
             53            -0.000005535257561             0.000288345327621             0.000064475975355
             54            -0.000011861123008             0.000289787189818             0.000064798385544
             55            -0.000015206472941             0.000291925116566             0.000065276440498
             56            -0.000017685165862             0.000279279997615             0.000062448905942
             57            -0.000006585398020             0.000214381513510             0.000047937163733
             58            -0.000005750825841             0.000194042008165             0.000043389112075
             59            -0.000004145603817             0.000185967870606             0.000041583680031
             60            -0.000003867674107             0.000183018577406             0.000040924198023
             61             0.000005036259426             0.000161928934593             0.000036208410527
             62             0.000008084759755             0.000159650770441             0.000035698997537
             63             0.000017233400196             0.000140051588452             0.000031316487214
             64             0.000015852965280             0.000145501392275             0.000032535100395
             65             0.000007784930416             0.000161952237390             0.000036213621191
             66             0.000005868857587             0.000165092306946             0.000036915762089
             67             0.000002678029616             0.000171564015626             0.000038362880143
             68             0.000003720018692             0.000167096734836             0.000037363965791
             69             0.000002818573681             0.000169616680904             0.000037927442862
             70            -0.000003221734905             0.000192215486934             0.000042980689511
             71            -0.000008270334007             0.000218192878781             0.000048789410916
             72            -0.000021276904348             0.000271951513800             0.000060810207144
             73            -0.000031789171613             0.000310601037523             0.000069452503378
             74            -0.000036849167940             0.000326943080822             0.000073106695349
             75            -0.000042519316293             0.000341417146981             0.000076343194933
             76            -0.000042026676309             0.000337994855340             0.000075577947259
             77            -0.000045905470703             0.000345859221150             0.000077336472914
             78            -0.000045100390065             0.000333684596586             0.000074614144101
             79            -0.000043015198445             0.000323121267610             0.000072252111935
             80            -0.000045593831932             0.000338062146860             0.000075592994100
             81            -0.000046194447452             0.000343547369408             0.000076819527149
             82            -0.000050383044124             0.000356876235450             0.000079799952202
             83            -0.000049225626263             0.000364891141896             0.000081592139767
             84            -0.000044144855546             0.000348235592297             0.000077867845656
             85            -0.000045049191552             0.000352230574101             0.000078761150744
             86            -0.000034907952320             0.000321570079835             0.000071905255804
             87            -0.000019727251798             0.000261439573101             0.000058459665746
             88            -0.000011959667565             0.000223000594948             0.000049864448933
             89             0.000003050039307             0.000167438129585             0.000037440303978
             90             0.000012167121771             0.000141032375261             0.000031535797811
             91             0.000009726870511             0.000152840345269             0.000034176140173
             92             0.000010954064612             0.000148518437677             0.000033209732256
             93             0.000011717841605             0.000141052295024             0.000031540252005
             94             0.000010214994566             0.000155734511366             0.000034823295386
             95             0.000007879683016             0.000162364335494             0.000036305769129
             96             0.000006559025832             0.000157774027346             0.000035279345023
             97             0.000006116300134             0.000149745417578             0.000033484093302
             98             0.000009006902147             0.000142156219060             0.000031787096924
             99             0.000012073268949             0.000143083885142             0.000031994529366
            100             0.000018681323963             0.000136342927145             0.000030487205335
            101             0.000028181385777             0.000121807791105             0.000027237050110
            102             0.000033284093030             0.000110985245670             0.000024817055382
            103             0.000039126475177             0.000104314933327             0.000023325528199
            104             0.000048692916889             0.000095474898126             0.000021348836236
            105             0.000056015641030             0.000088605045680             0.000019812690529
            106             0.000062154889682             0.000088542259948             0.000019798651212
            107             0.000070075150184             0.000088390244500             0.000019764659525
            108             0.000075162278928             0.000085741121963             0.000019172297718
            109             0.000079654759241             0.000081849700131             0.000018302149343
            110             0.000081954902131             0.000081700445800             0.000018268775060
            111             0.000090066299470             0.000080241218124             0.000017942481832
            112             0.000098920671194             0.000097196277967             0.000021733748469
            113             0.000101014737172             0.000104198814637             0.000023299563270
            114             0.000100934478559             0.000112121048464             0.000025071028607
            115             0.000101769965126             0.000131828254936             0.000029477693939
            116             0.000103469694764             0.000138417061164             0.000030950995801
            117             0.000100468435206             0.000131424227022             0.000029387350551
            118             0.000108493796553             0.000128194057149             0.000028665062610
            119             0.000118119095513             0.000135957427622             0.000030401005021
            120             0.000123827546396             0.000142598689396             0.000031886036299
            121             0.000126552230960             0.000155777120385             0.000034832823052
            122             0.000136484372868             0.000160667273438             0.000035926294517
            123             0.000153593145505             0.000168493636682             0.000037676322540
            124             0.000167558442649             0.000168259230870             0.000037623907807
            125             0.000184690143069             0.000166460710077             0.000037221746331
            126             0.000196686614876             0.000144592550083             0.000032331877103
            127             0.000215404454049             0.000137851910075             0.000030824624176
            128             0.000234152713997             0.000150157907732             0.000033576328905
            129             0.000255658652025             0.000161930241726             0.000036208702811
            130             0.000292465352993             0.000164941777358             0.000036882102650
            131             0.000336373331654             0.000166718503909             0.000037279390785
            132             0.000379821741543             0.000187265219784             0.000041873776126
            133             0.000427587871582             0.000207717129888             0.000046446962252
            134             0.000503339363075             0.000220734707003             0.000049357780985
            135             0.000596162634102             0.000233818876812             0.000052283490297
            136             0.000710108079959             0.000236101813549             0.000052793970471
            137             0.000841264215733             0.000243931057832             0.000054544642714
            138             0.000976064058654             0.000253919928470             0.000056778222090
            139             0.001134270855021             0.000271844519383             0.000060786282465
            140             0.001330955246211             0.000303326679935             0.000067825907572
            141             0.001584219371058             0.000326517986333             0.000073011641332
            142             0.001919458010033             0.000359701265425             0.000080431648108
            143             0.002353803710916             0.000407769897881             0.000091180121084
            144             0.002858287655341             0.000447022952457             0.000099957370920
            145             0.003458706170677             0.000526627885432             0.000117757575067
            146             0.004194700630949             0.000602864687106             0.000134804642160
            147             0.005131363100613             0.000702893271845             0.000157171713677
            148             0.006313758258364             0.000814063234809             0.000182030073102
            149             0.007800548088825             0.000957419317697             0.000214085467734
            150             0.009722147997943             0.001084341867048             0.000242466212557
            151             0.012165027451531             0.001237347870439             0.000276679395012
            152             0.015321431699415             0.001409637507371             0.000315204529011
            153             0.019403806236787             0.001592587849995             0.000356113469273
            154             0.024714986551686             0.001748975947364             0.000391082910932
            155             0.031586418519044             0.001964209622020             0.000439210623690
            156             0.040580689667239             0.002140127481979             0.000478547053022
            157             0.052541150234130             0.002241282866458             0.000501166084620
            158             0.068279368753254             0.002292046740825             0.000512517232009
            159             0.089000730386886             0.002504131769547             0.000559940886132
