              0             3.994389885750163
              1             3.821766011566576
              2             2.727104846487704
              3             4.133213512208794
              4             3.078102070072785
              5             4.216641489315989
              6             3.263696483480107
              7             3.542248136185473
              8             4.203900248225493
              9             3.197331886818419
             10             3.507322193815169
             11             3.137650867953384
             12             3.644303270698915
             13             4.159486154895365
             14             3.851580166703599
             15             3.427954320824485
             16             3.386766348105323
             17             2.898931908154765
             18             3.133873441430280
             19             3.621400303450703
